2022/08/10 15:26:22 {"callers":["E:/Kchat/kchat/initSetting.go: 115 main.InitSetting"],"level":"fatal","message":"Unable to extract user from request context for unknown reason: \u0026{{0xc0003a4000 -1 200} 0xc000518200 0xc000518100 [] [0x1113900 0x1114740 0x11bc4c0 0x11bc7e0 0x11a9c20] 4 /me 0xc000452340 0xc000522000 0xc000522018 {{0 0} 0 0 0 0} map[trans:0xc0003b8b70]  [] map[] map[] 0}\n","span_id":"no","time":1660116382824346500,"trace_id":"no"}
2022/08/10 15:28:16 {"callers":["E:/Kchat/kchat/initSetting.go: 115 main.InitSetting"],"level":"fatal","message":"Unable to extract user from request context for unknown reason: \u0026{{0xc0004702a0 -1 200} 0xc000416500 0xc000416400 [] [0x1113900 0x1114740 0x11bc4c0 0x11bc7e0 0x11a9c20] 4 /me 0xc0000849c0 0xc000404150 0xc000404168 {{0 0} 0 0 0 0} map[trans:0xc000088900]  [] map[] map[] 0}\n","span_id":"no","time":1660116496913802100,"trace_id":"no"}
2022/08/10 15:28:27 {"callers":["E:/Kchat/kchat/initSetting.go: 115 main.InitSetting"],"level":"fatal","message":"Unable to extract user from request context for unknown reason: \u0026{{0xc0003a2000 -1 200} 0xc000418600 0xc000418500 [] [0x1113900 0x1114740 0x11bc4c0 0x11bc7e0 0x11a9c20] 4 /me 0xc000084820 0xc0000041f8 0xc000004228 {{0 0} 0 0 0 0} map[trans:0xc0003bf740]  [] map[] map[] 0}\n","span_id":"no","time":1660116507830545600,"trace_id":"no"}
2022/08/10 15:28:47 {"callers":["E:/Kchat/kchat/initSetting.go: 115 main.InitSetting"],"level":"fatal","message":"Unable to extract user from request context for unknown reason: \u0026{{0xc000390000 -1 200} 0xc0004ee400 0xc0004ee300 [] [0x1113900 0x1114740 0x11bc4c0 0x11bc7e0 0x11a9c20] 4 /me 0xc000084340 0xc000414000 0xc000414018 {{0 0} 0 0 0 0} map[trans:0xc000482ed0]  [] map[] map[] 0}\n","span_id":"no","time":1660116527072722200,"trace_id":"no"}
2022/08/10 15:39:02 {"callers":["E:/Kchat/kchat/initSetting.go: 115 main.InitSetting"],"level":"debug","message":"Unable to find user: 1\nnil pointer passed to StructScan destination","span_id":"no","time":1660117142932387000,"trace_id":"no"}
2022/08/10 16:32:06 {"callers":["E:/Kchat/kchat/initSetting.go: 115 main.InitSetting"],"level":"debug","message":"Unable to find user: 1\nnil pointer passed to StructScan destination","span_id":"no","time":1660120326741599900,"trace_id":"no"}
2022/08/10 16:35:13 {"callers":["E:/Kchat/kchat/initSetting.go: 115 main.InitSetting"],"level":"debug","message":"SELECT * FROM kchat_user WHERE uid=?","time":1660120513397434700}
2022/08/10 16:35:13 {"callers":["E:/Kchat/kchat/initSetting.go: 115 main.InitSetting"],"level":"debug","message":"Unable to find user: 1\nnil pointer passed to StructScan destination","span_id":"no","time":1660120513398028100,"trace_id":"no"}
2022/08/10 16:51:03 {"callers":["E:/Kchat/kchat/initSetting.go: 114 main.InitSetting"],"level":"debug","message":"SELECT * FROM kchat_user WHERE uid=?","time":1660121463658464500}
2022/08/10 16:51:03 {"callers":["E:/Kchat/kchat/initSetting.go: 114 main.InitSetting"],"level":"debug","message":"Unable to find user: 1\nnil pointer passed to StructScan destination","span_id":"no","time":1660121463661228500,"trace_id":"no"}
2022/08/10 16:54:01 {"callers":["E:/Kchat/kchat/initSetting.go: 114 main.InitSetting"],"level":"debug","message":"SELECT * FROM kchat_user WHERE uid=?","time":1660121641909694000}
2022/08/10 16:54:01 {"callers":["E:/Kchat/kchat/initSetting.go: 114 main.InitSetting"],"level":"debug","message":"Unable to find user: 1\nnil pointer passed to StructScan destination","span_id":"no","time":1660121641911368000,"trace_id":"no"}
2022/08/10 16:55:52 {"callers":["E:/Kchat/kchat/initSetting.go: 114 main.InitSetting"],"level":"debug","message":"SELECT * FROM kchat_user WHERE uid=?","time":1660121752564290400}
2022/08/10 16:55:52 {"callers":["E:/Kchat/kchat/initSetting.go: 114 main.InitSetting"],"level":"debug","message":"Unable to find user: 1\nmissing destination name password in *model.User","span_id":"no","time":1660121752565864600,"trace_id":"no"}
2022/08/10 16:56:34 {"callers":["E:/Kchat/kchat/initSetting.go: 114 main.InitSetting"],"level":"debug","message":"SELECT * FROM kchat_user WHERE uid=?","time":1660121794115802900}
2022/08/10 21:12:16 {"callers":["E:/Kchat/kchat/initSetting.go: 121 main.InitSetting"],"level":"debug","message":"Unable to find key in Redis: ","span_id":"no","time":1660137136664744000,"trace_id":"no"}
2022/08/11 18:40:19 {"callers":["E:/Kchat/kchat/initSetting.go: 121 main.InitSetting"],"level":"error","message":"fail to sign up with errs nil pointer passed to StructScan destination","span_id":"no","time":1660214419410299800,"trace_id":"no"}
2022/08/11 18:43:30 {"callers":["E:/Kchat/kchat/initSetting.go: 121 main.InitSetting"],"level":"error","message":"fail to sign up with errs Error 1406: Data too long for column 'password' at row 1","span_id":"no","time":1660214610859845700,"trace_id":"no"}
2022/08/11 18:44:27 {"callers":["E:/Kchat/kchat/initSetting.go: 121 main.InitSetting"],"level":"error","message":"fail to sign up with errs Error 1406: Data too long for column 'password' at row 1","span_id":"no","time":1660214667440045100,"trace_id":"no"}
2022/08/11 18:45:40 {"callers":["E:/Kchat/kchat/initSetting.go: 121 main.InitSetting"],"level":"error","message":"fail to sign up with errs nil pointer passed to StructScan destination","span_id":"no","time":1660214740394899600,"trace_id":"no"}
2022/08/11 18:47:08 {"callers":["E:/Kchat/kchat/initSetting.go: 121 main.InitSetting"],"level":"error","message":"fail to sign up with errs Error 1406: Data too long for column 'password' at row 1","span_id":"no","time":1660214828184878800,"trace_id":"no"}
2022/08/11 18:48:03 {"callers":["E:/Kchat/kchat/initSetting.go: 121 main.InitSetting"],"level":"error","message":"fail to sign up with errs Error 1406: Data too long for column 'password' at row 1","span_id":"no","time":1660214883332529900,"trace_id":"no"}
2022/08/11 18:49:04 {"callers":["E:/Kchat/kchat/initSetting.go: 121 main.InitSetting"],"level":"error","message":"fail to sign up with errs Error 1406: Data too long for column 'password' at row 1","span_id":"no","time":1660214944822558600,"trace_id":"no"}
2022/08/11 18:49:16 {"callers":["E:/Kchat/kchat/initSetting.go: 121 main.InitSetting"],"level":"error","message":"fail to sign up with errs Error 1406: Data too long for column 'password' at row 1","span_id":"no","time":1660214956236997000,"trace_id":"no"}
2022/08/11 18:51:17 {"callers":["E:/Kchat/kchat/initSetting.go: 121 main.InitSetting"],"level":"error","message":"fail to sign up with errs Error 1406: Data too long for column 'password' at row 1","span_id":"no","time":1660215077988001900,"trace_id":"no"}
2022/08/11 18:51:45 {"callers":["E:/Kchat/kchat/initSetting.go: 121 main.InitSetting"],"level":"error","message":"fail to sign up with errs Error 1406: Data too long for column 'password' at row 1","span_id":"no","time":1660215105084890300,"trace_id":"no"}
2022/08/11 18:58:35 {"callers":["E:/Kchat/kchat/initSetting.go: 121 main.InitSetting"],"level":"error","message":"fail to sign up with errs nil pointer passed to StructScan destination","span_id":"no","time":1660215515955285700,"trace_id":"no"}
2022/08/11 18:59:53 {"callers":["E:/Kchat/kchat/initSetting.go: 121 main.InitSetting"],"level":"error","message":"fail to sign in with errs nil pointer passed to StructScan destination","span_id":"no","time":1660215593873944800,"trace_id":"no"}
2022/08/11 19:02:22 {"callers":["E:/Kchat/kchat/initSetting.go: 121 main.InitSetting"],"level":"debug","message":"SELECT * FROM kchat_user WHERE email=?","span_id":"no","time":1660215742428674300,"trace_id":"no"}
2022/08/11 19:02:22 {"callers":["E:/Kchat/kchat/initSetting.go: 121 main.InitSetting"],"level":"error","message":"fail to sign in with errs nil pointer passed to StructScan destination","span_id":"no","time":1660215742429219100,"trace_id":"no"}
2022/08/11 19:04:25 {"callers":["E:/Kchat/kchat/initSetting.go: 121 main.InitSetting"],"level":"debug","message":"SELECT * FROM kchat_user WHERE email=?","span_id":"no","time":1660215865822670200,"trace_id":"no"}
2022/08/11 19:05:42 {"callers":["E:/Kchat/kchat/initSetting.go: 121 main.InitSetting"],"level":"error","message":"fail to sign up with errs Error 1062: Duplicate entry '879375254@qq.com' for key 'kchat_user.email'","span_id":"no","time":1660215942957225300,"trace_id":"no"}
2022/08/11 19:08:41 {"callers":["E:/Kchat/kchat/initSetting.go: 121 main.InitSetting"],"level":"error","message":"fail to sign up with errs Error 1062: Duplicate entry '879375254@qq.com' for key 'kchat_user.email'","span_id":"no","time":1660216121881876200,"trace_id":"no"}
2022/08/11 19:14:13 {"callers":["E:/Kchat/kchat/initSetting.go: 121 main.InitSetting"],"level":"error","message":"fail to sign up with errs Error 1062: Duplicate entry '879375254@qq.com' for key 'kchat_user.email'","span_id":"no","time":1660216453670608400,"trace_id":"no"}
2022/08/11 19:15:29 {"callers":["E:/Kchat/kchat/initSetting.go: 121 main.InitSetting"],"level":"error","message":"fail to sign up with errs Error 1062: Duplicate entry '879375254@qq.com' for key 'kchat_user.email'","span_id":"no","time":1660216529834693900,"trace_id":"no"}
2022/08/11 19:16:12 {"callers":["E:/Kchat/kchat/initSetting.go: 121 main.InitSetting"],"level":"error","message":"fail to sign up with errs Error 1062: Duplicate entry '879375254@qq.com' for key 'kchat_user.email'","span_id":"no","time":1660216572146566200,"trace_id":"no"}
2022/08/11 19:34:10 {"callers":["E:/Kchat/kchat/initSetting.go: 121 main.InitSetting"],"level":"error","message":"fail to sign up with errs Error 1062: Duplicate entry '879375256@qq.com' for key 'kchat_user.email'","span_id":"no","time":1660217650017749500,"trace_id":"no"}
